mode: set
github.com/TessierV/awesome-api/main.go:13.13,15.44 2 0
github.com/TessierV/awesome-api/main.go:18.3,21.58 2 0
github.com/TessierV/awesome-api/main.go:15.44,17.4 1 0
github.com/TessierV/awesome-api/main.go:24.32,34.2 4 0
github.com/TessierV/awesome-api/main.go:36.65,44.2 2 0
github.com/TessierV/awesome-api/main.go:46.59,54.25 4 1
github.com/TessierV/awesome-api/main.go:64.2,64.16 1 1
github.com/TessierV/awesome-api/main.go:70.2,73.56 2 1
github.com/TessierV/awesome-api/main.go:55.12,57.18 1 1
github.com/TessierV/awesome-api/main.go:58.13,60.24 1 1
github.com/TessierV/awesome-api/main.go:64.16,67.3 2 1
